2018-10-05 05:29:03,719 - __main__ - INFO - FILE:[U.S. v. Carter, 236 F.3d 777 (2001).pdf]already processed
2018-10-05 05:29:03,720 - __main__ - INFO - FILE:[U.S. v. Carucci, 222 F.Supp.2d 117 (2002).pdf]already processed
2018-10-05 05:29:03,720 - __main__ - INFO - FILE:[U.S. v. Cruz, 592 Fed.Appx. 623 (2015).pdf]already processed
2018-10-05 05:29:03,720 - __main__ - INFO - FILE:[U.S. v. Dicus, 579 F.Supp.2d 1142 (2008).pdf]already processed
2018-10-05 05:29:03,720 - __main__ - INFO - FILE:[U.S. v. Ford, 618 F.Supp.2d 368 (2009).pdf]already processed
2018-10-05 05:29:03,720 - __main__ - INFO - FILE:[U.S. v. Holmes, 413 F.3d 770 (2005).pdf]already processed
2018-10-05 05:29:03,720 - __main__ - INFO - FILE:[U.S. v. Marshank, 777 F.Supp. 1507 (1991).pdf]already processed
2018-10-05 05:29:03,720 - __main__ - INFO - FILE:[U.S. v. Rios, 637 F.2d 728 (1980).pdf]already processed
2018-10-05 05:29:03,721 - __main__ - INFO - FILE:[U.S. v. Solivan, 937 F.2d 1146 (1991).pdf]already processed
2018-10-05 05:29:03,721 - __main__ - INFO - FILE:[U.S. v. Taylor, 956 F.Supp. 622 (1997).pdf]already processed
2018-10-05 05:29:08,589 - __main__ - INFO - FILE:[U.S. v. Carter, 236 F.3d 777 (2001).pdf]already processed
2018-10-05 05:29:08,589 - __main__ - INFO - FILE:[U.S. v. Carucci, 222 F.Supp.2d 117 (2002).pdf]already processed
2018-10-05 05:29:08,589 - __main__ - INFO - FILE:[U.S. v. Cruz, 592 Fed.Appx. 623 (2015).pdf]already processed
2018-10-05 05:29:08,589 - __main__ - INFO - FILE:[U.S. v. Dicus, 579 F.Supp.2d 1142 (2008).pdf]already processed
2018-10-05 05:29:08,589 - __main__ - INFO - FILE:[U.S. v. Ford, 618 F.Supp.2d 368 (2009).pdf]already processed
2018-10-05 05:29:08,589 - __main__ - INFO - FILE:[U.S. v. Holmes, 413 F.3d 770 (2005).pdf]already processed
2018-10-05 05:29:08,590 - __main__ - INFO - FILE:[U.S. v. Marshank, 777 F.Supp. 1507 (1991).pdf]already processed
2018-10-05 05:29:08,590 - __main__ - INFO - FILE:[U.S. v. Rios, 637 F.2d 728 (1980).pdf]already processed
2018-10-05 05:29:08,590 - __main__ - INFO - FILE:[U.S. v. Solivan, 937 F.2d 1146 (1991).pdf]already processed
2018-10-05 05:29:08,590 - __main__ - INFO - FILE:[U.S. v. Taylor, 956 F.Supp. 622 (1997).pdf]already processed
